[35m[1mScanning dependencies of target franka_aic_gencfg[0m
[35m[1mScanning dependencies of target moveit_msgs_generate_messages_cpp[0m
[35m[1mScanning dependencies of target _franka_aic_generate_messages_check_deps_JointTorqueComparison[0m
[35m[1mScanning dependencies of target graph_msgs_generate_messages_py[0m
[35m[1mScanning dependencies of target graph_msgs_generate_messages_nodejs[0m
[35m[1mScanning dependencies of target tf_generate_messages_nodejs[0m
[  0%] Built target moveit_msgs_generate_messages_cpp
[  7%] [34m[1mGenerating dynamic reconfigure files from cfg/compliance_param.cfg: /home/neurorobotic_student/panda-robot-control/panda_ws/devel/.private/franka_aic/include/franka_aic/compliance_paramConfig.h /home/neurorobotic_student/panda-robot-control/panda_ws/devel/.private/franka_aic/lib/python3/dist-packages/franka_aic/cfg/compliance_paramConfig.py[0m
[  7%] Built target graph_msgs_generate_messages_py
[  7%] Built target graph_msgs_generate_messages_nodejs
[ 14%] [34m[1mGenerating dynamic reconfigure files from cfg/desired_mass_param.cfg: /home/neurorobotic_student/panda-robot-control/panda_ws/devel/.private/franka_aic/include/franka_aic/desired_mass_paramConfig.h /home/neurorobotic_student/panda-robot-control/panda_ws/devel/.private/franka_aic/lib/python3/dist-packages/franka_aic/cfg/desired_mass_paramConfig.py[0m
[ 14%] Built target _franka_aic_generate_messages_check_deps_JointTorqueComparison
[ 14%] Built target tf_generate_messages_nodejs
Generating reconfiguration files for compliance_param in franka_aic
Wrote header file in /home/neurorobotic_student/panda-robot-control/panda_ws/devel/.private/franka_aic/include/franka_aic/compliance_paramConfig.h
[35m[1mScanning dependencies of target tf_generate_messages_lisp[0m
[35m[1mScanning dependencies of target tf_generate_messages_cpp[0m
[35m[1mScanning dependencies of target graph_msgs_generate_messages_cpp[0m
[ 14%] Built target tf_generate_messages_lisp
[ 14%] Built target tf_generate_messages_cpp
[35m[1mScanning dependencies of target tf2_msgs_generate_messages_lisp[0m
[ 14%] Built target graph_msgs_generate_messages_cpp
[35m[1mScanning dependencies of target visualization_msgs_generate_messages_py[0m
[ 14%] Built target tf2_msgs_generate_messages_lisp
Generating reconfiguration files for desired_mass_param in franka_aic
[35m[1mScanning dependencies of target visualization_msgs_generate_messages_nodejs[0m
Wrote header file in /home/neurorobotic_student/panda-robot-control/panda_ws/devel/.private/franka_aic/include/franka_aic/desired_mass_paramConfig.h
[35m[1mScanning dependencies of target visualization_msgs_generate_messages_eus[0m
[35m[1mScanning dependencies of target visualization_msgs_generate_messages_lisp[0m
[ 14%] Built target visualization_msgs_generate_messages_py
[ 14%] Built target visualization_msgs_generate_messages_nodejs
[35m[1mScanning dependencies of target octomap_msgs_generate_messages_py[0m
[ 14%] Built target visualization_msgs_generate_messages_eus
[ 14%] Built target visualization_msgs_generate_messages_lisp
[35m[1mScanning dependencies of target octomap_msgs_generate_messages_nodejs[0m
[35m[1mScanning dependencies of target octomap_msgs_generate_messages_lisp[0m
[ 14%] Built target octomap_msgs_generate_messages_py
[35m[1mScanning dependencies of target object_recognition_msgs_generate_messages_nodejs[0m
[ 14%] Built target franka_aic_gencfg
[35m[1mScanning dependencies of target object_recognition_msgs_generate_messages_eus[0m
[35m[1mScanning dependencies of target object_recognition_msgs_generate_messages_lisp[0m
[ 14%] Built target octomap_msgs_generate_messages_lisp
[ 14%] Built target object_recognition_msgs_generate_messages_nodejs
[ 14%] Built target octomap_msgs_generate_messages_nodejs
[ 14%] Built target object_recognition_msgs_generate_messages_eus
[ 14%] Built target object_recognition_msgs_generate_messages_lisp
[35m[1mScanning dependencies of target moveit_ros_manipulation_gencfg[0m
[35m[1mScanning dependencies of target shape_msgs_generate_messages_py[0m
[35m[1mScanning dependencies of target octomap_msgs_generate_messages_eus[0m
[35m[1mScanning dependencies of target object_recognition_msgs_generate_messages_cpp[0m
[35m[1mScanning dependencies of target shape_msgs_generate_messages_eus[0m
[ 14%] Built target moveit_ros_manipulation_gencfg
[35m[1mScanning dependencies of target shape_msgs_generate_messages_cpp[0m
[ 14%] Built target octomap_msgs_generate_messages_eus
[ 14%] Built target shape_msgs_generate_messages_py
[35m[1mScanning dependencies of target trajectory_msgs_generate_messages_nodejs[0m
[ 14%] Built target shape_msgs_generate_messages_eus
[ 14%] Built target object_recognition_msgs_generate_messages_cpp
[35m[1mScanning dependencies of target trajectory_msgs_generate_messages_lisp[0m
[35m[1mScanning dependencies of target shape_msgs_generate_messages_lisp[0m
[ 14%] Built target shape_msgs_generate_messages_cpp
[35m[1mScanning dependencies of target moveit_msgs_generate_messages_py[0m
[ 14%] Built target trajectory_msgs_generate_messages_nodejs
[ 14%] Built target trajectory_msgs_generate_messages_lisp
[35m[1mScanning dependencies of target trajectory_msgs_generate_messages_cpp[0m
[35m[1mScanning dependencies of target graph_msgs_generate_messages_lisp[0m
[ 14%] Built target moveit_msgs_generate_messages_py
[ 14%] Built target shape_msgs_generate_messages_lisp
[ 14%] Built target graph_msgs_generate_messages_lisp
[ 14%] Built target trajectory_msgs_generate_messages_cpp
[35m[1mScanning dependencies of target moveit_msgs_generate_messages_nodejs[0m
[35m[1mScanning dependencies of target moveit_msgs_generate_messages_lisp[0m
[35m[1mScanning dependencies of target std_msgs_generate_messages_lisp[0m
[35m[1mScanning dependencies of target tf2_msgs_generate_messages_py[0m
[ 14%] Built target moveit_msgs_generate_messages_nodejs
[35m[1mScanning dependencies of target tf2_msgs_generate_messages_nodejs[0m
[35m[1mScanning dependencies of target dynamic_reconfigure_gencfg[0m
[ 14%] Built target std_msgs_generate_messages_lisp
[ 14%] Built target moveit_msgs_generate_messages_lisp
[35m[1mScanning dependencies of target dynamic_reconfigure_generate_messages_nodejs[0m
[ 14%] Built target tf2_msgs_generate_messages_py
[35m[1mScanning dependencies of target sensor_msgs_generate_messages_cpp[0m
[ 14%] Built target dynamic_reconfigure_gencfg
[ 14%] Built target dynamic_reconfigure_generate_messages_nodejs
[ 14%] Built target tf2_msgs_generate_messages_nodejs
[35m[1mScanning dependencies of target tf2_msgs_generate_messages_cpp[0m
[35m[1mScanning dependencies of target std_srvs_generate_messages_lisp[0m
[35m[1mScanning dependencies of target dynamic_reconfigure_generate_messages_lisp[0m
[ 14%] Built target sensor_msgs_generate_messages_cpp
[35m[1mScanning dependencies of target geometry_msgs_generate_messages_eus[0m
[ 14%] Built target dynamic_reconfigure_generate_messages_lisp
[ 14%] Built target std_srvs_generate_messages_lisp
[35m[1mScanning dependencies of target std_msgs_generate_messages_py[0m
[ 14%] Built target tf2_msgs_generate_messages_cpp
[35m[1mScanning dependencies of target std_msgs_generate_messages_nodejs[0m
[35m[1mScanning dependencies of target std_msgs_generate_messages_cpp[0m
[ 14%] Built target geometry_msgs_generate_messages_eus
[35m[1mScanning dependencies of target rosgraph_msgs_generate_messages_nodejs[0m
[ 14%] Built target std_msgs_generate_messages_nodejs
[ 14%] Built target std_msgs_generate_messages_py
[35m[1mScanning dependencies of target object_recognition_msgs_generate_messages_py[0m
[ 14%] Built target std_msgs_generate_messages_cpp
[ 14%] Built target rosgraph_msgs_generate_messages_nodejs
[35m[1mScanning dependencies of target actionlib_msgs_generate_messages_py[0m
[ 14%] Built target object_recognition_msgs_generate_messages_py
[35m[1mScanning dependencies of target actionlib_generate_messages_lisp[0m
[35m[1mScanning dependencies of target actionlib_generate_messages_cpp[0m
[35m[1mScanning dependencies of target roscpp_generate_messages_lisp[0m
[35m[1mScanning dependencies of target actionlib_msgs_generate_messages_cpp[0m
[35m[1mScanning dependencies of target std_srvs_generate_messages_cpp[0m
[ 14%] Built target actionlib_msgs_generate_messages_py
[ 14%] Built target actionlib_generate_messages_lisp
[ 14%] Built target actionlib_generate_messages_cpp
[ 14%] Built target std_srvs_generate_messages_cpp
[ 14%] Built target roscpp_generate_messages_lisp
[ 14%] Built target actionlib_msgs_generate_messages_cpp
[35m[1mScanning dependencies of target dynamic_reconfigure_generate_messages_py[0m
[35m[1mScanning dependencies of target actionlib_msgs_generate_messages_eus[0m
[35m[1mScanning dependencies of target std_srvs_generate_messages_nodejs[0m
[35m[1mScanning dependencies of target tf_generate_messages_eus[0m
[ 14%] Built target dynamic_reconfigure_generate_messages_py
[ 14%] Built target std_srvs_generate_messages_nodejs
[ 14%] Built target actionlib_msgs_generate_messages_eus
[35m[1mScanning dependencies of target graph_msgs_generate_messages_eus[0m
[35m[1mScanning dependencies of target rosgraph_msgs_generate_messages_lisp[0m
[ 14%] Built target graph_msgs_generate_messages_eus
[ 14%] Built target tf_generate_messages_eus
[ 14%] Built target rosgraph_msgs_generate_messages_lisp
[35m[1mScanning dependencies of target shape_msgs_generate_messages_nodejs[0m
[35m[1mScanning dependencies of target rosgraph_msgs_generate_messages_py[0m
[35m[1mScanning dependencies of target trajectory_msgs_generate_messages_eus[0m
[35m[1mScanning dependencies of target roscpp_generate_messages_eus[0m
[ 14%] Built target shape_msgs_generate_messages_nodejs
[ 14%] Built target rosgraph_msgs_generate_messages_py
[35m[1mScanning dependencies of target roscpp_generate_messages_py[0m
[ 14%] Built target roscpp_generate_messages_eus
[35m[1mScanning dependencies of target roscpp_generate_messages_cpp[0m
[ 14%] Built target trajectory_msgs_generate_messages_eus
[35m[1mScanning dependencies of target dynamic_reconfigure_generate_messages_cpp[0m
[ 14%] Built target roscpp_generate_messages_py
[ 14%] Built target roscpp_generate_messages_cpp
[35m[1mScanning dependencies of target actionlib_generate_messages_eus[0m
[35m[1mScanning dependencies of target trajectory_msgs_generate_messages_py[0m
[35m[1mScanning dependencies of target roscpp_generate_messages_nodejs[0m
[35m[1mScanning dependencies of target rosgraph_msgs_generate_messages_cpp[0m
[ 14%] Built target dynamic_reconfigure_generate_messages_cpp
[ 14%] Built target trajectory_msgs_generate_messages_py
[ 14%] Built target rosgraph_msgs_generate_messages_cpp
[ 14%] Built target roscpp_generate_messages_nodejs
[35m[1mScanning dependencies of target franka_msgs_generate_messages_nodejs[0m
[35m[1mScanning dependencies of target moveit_ros_planning_gencfg[0m
[35m[1mScanning dependencies of target std_srvs_generate_messages_py[0m
[ 14%] Built target actionlib_generate_messages_eus
[35m[1mScanning dependencies of target tf_generate_messages_py[0m
[ 14%] Built target franka_msgs_generate_messages_nodejs
[ 14%] Built target moveit_ros_planning_gencfg
[35m[1mScanning dependencies of target actionlib_msgs_generate_messages_lisp[0m
[35m[1mScanning dependencies of target rosgraph_msgs_generate_messages_eus[0m
[ 14%] Built target std_srvs_generate_messages_py
[ 14%] Built target tf_generate_messages_py
[ 14%] Built target actionlib_msgs_generate_messages_lisp
[ 14%] Built target rosgraph_msgs_generate_messages_eus
[35m[1mScanning dependencies of target std_msgs_generate_messages_eus[0m
[35m[1mScanning dependencies of target actionlib_generate_messages_py[0m
[35m[1mScanning dependencies of target actionlib_msgs_generate_messages_nodejs[0m
[35m[1mScanning dependencies of target actionlib_generate_messages_nodejs[0m
[35m[1mScanning dependencies of target std_srvs_generate_messages_eus[0m
[ 14%] Built target std_msgs_generate_messages_eus
[35m[1mScanning dependencies of target franka_msgs_generate_messages_cpp[0m
[ 14%] Built target actionlib_msgs_generate_messages_nodejs
[ 14%] Built target actionlib_generate_messages_nodejs
[ 14%] Built target actionlib_generate_messages_py
[ 14%] Built target std_srvs_generate_messages_eus
[ 14%] Built target franka_msgs_generate_messages_cpp
[35m[1mScanning dependencies of target geometry_msgs_generate_messages_cpp[0m
[35m[1mScanning dependencies of target octomap_msgs_generate_messages_cpp[0m
[35m[1mScanning dependencies of target franka_msgs_generate_messages_py[0m
[35m[1mScanning dependencies of target franka_msgs_generate_messages_lisp[0m
[35m[1mScanning dependencies of target geometry_msgs_generate_messages_lisp[0m
[ 14%] Built target geometry_msgs_generate_messages_cpp
[35m[1mScanning dependencies of target dynamic_reconfigure_generate_messages_eus[0m
[ 14%] Built target octomap_msgs_generate_messages_cpp
[ 14%] Built target franka_msgs_generate_messages_py
[ 14%] Built target franka_msgs_generate_messages_lisp
[ 14%] Built target geometry_msgs_generate_messages_lisp
[ 14%] Built target dynamic_reconfigure_generate_messages_eus
[35m[1mScanning dependencies of target geometry_msgs_generate_messages_py[0m
[35m[1mScanning dependencies of target geometry_msgs_generate_messages_nodejs[0m
[35m[1mScanning dependencies of target tf2_msgs_generate_messages_eus[0m
[35m[1mScanning dependencies of target sensor_msgs_generate_messages_py[0m
[ 14%] Built target geometry_msgs_generate_messages_nodejs
[ 14%] Built target tf2_msgs_generate_messages_eus
[ 14%] Built target geometry_msgs_generate_messages_py
[ 14%] Built target sensor_msgs_generate_messages_py
[35m[1mScanning dependencies of target moveit_msgs_generate_messages_eus[0m
[35m[1mScanning dependencies of target visualization_msgs_generate_messages_cpp[0m
[35m[1mScanning dependencies of target sensor_msgs_generate_messages_lisp[0m
[35m[1mScanning dependencies of target sensor_msgs_generate_messages_nodejs[0m
[ 14%] Built target moveit_msgs_generate_messages_eus
[ 14%] Built target visualization_msgs_generate_messages_cpp
[35m[1mScanning dependencies of target sensor_msgs_generate_messages_eus[0m
[35m[1mScanning dependencies of target franka_aic_generate_messages_lisp[0m
[ 14%] Built target sensor_msgs_generate_messages_lisp
[35m[1mScanning dependencies of target franka_msgs_generate_messages_eus[0m
[ 14%] Built target sensor_msgs_generate_messages_nodejs
[ 14%] Built target sensor_msgs_generate_messages_eus
[35m[1mScanning dependencies of target franka_aic_generate_messages_py[0m
[ 21%] [34m[1mGenerating Lisp code from franka_aic/JointTorqueComparison.msg[0m
[35m[1mScanning dependencies of target franka_aic_generate_messages_nodejs[0m
[ 28%] [34m[1mGenerating Python from MSG franka_aic/JointTorqueComparison[0m
[ 28%] Built target franka_msgs_generate_messages_eus
[35m[1mScanning dependencies of target franka_aic_generate_messages_eus[0m
[35m[1mScanning dependencies of target franka_aic_generate_messages_cpp[0m
[ 35%] [34m[1mGenerating Javascript code from franka_aic/JointTorqueComparison.msg[0m
[ 42%] [34m[1mGenerating C++ code from franka_aic/JointTorqueComparison.msg[0m
[ 50%] [34m[1mGenerating EusLisp manifest code for franka_aic[0m
[ 57%] [34m[1mGenerating EusLisp code from franka_aic/JointTorqueComparison.msg[0m
[ 57%] Built target franka_aic_generate_messages_lisp
[ 57%] Built target franka_aic_generate_messages_nodejs
[ 57%] Built target franka_aic_generate_messages_cpp
[35m[1mScanning dependencies of target franka_aic_gencpp[0m
[ 57%] Built target franka_aic_gencpp
[ 64%] [34m[1mGenerating Python msg __init__.py for franka_aic[0m
[ 64%] Built target franka_aic_generate_messages_py
[ 64%] Built target franka_aic_generate_messages_eus
[35m[1mScanning dependencies of target franka_aic_generate_messages[0m
[35m[1mScanning dependencies of target franka_aic[0m
[ 64%] Built target franka_aic_generate_messages
[ 71%] [32mBuilding CXX object CMakeFiles/franka_aic.dir/src/panda_utils/panda_trac_ik.cpp.o[0m
[ 78%] [32mBuilding CXX object CMakeFiles/franka_aic.dir/src/MRAC_controller.cpp.o[0m
[ 85%] [32mBuilding CXX object CMakeFiles/franka_aic.dir/src/AIC_controller.cpp.o[0m
[ 92%] [32mBuilding CXX object CMakeFiles/franka_aic.dir/src/AICpanda.cpp.o[0m
[100%] [32m[1mLinking CXX shared library /home/neurorobotic_student/panda-robot-control/panda_ws/devel/.private/franka_aic/lib/libfranka_aic.so[0m
[100%] Built target franka_aic
