Symlinking /home/neurorobotic_student/panda-robot-control/panda_ws/devel/lib/libfranka_aic.so
Symlinking /home/neurorobotic_student/panda-robot-control/panda_ws/devel/lib/pkgconfig/franka_aic.pc
Symlinking /home/neurorobotic_student/panda-robot-control/panda_ws/devel/lib/python3/dist-packages/franka_aic/__init__.py
Symlinking /home/neurorobotic_student/panda-robot-control/panda_ws/devel/lib/python3/dist-packages/franka_aic/msg/__init__.py
Symlinking /home/neurorobotic_student/panda-robot-control/panda_ws/devel/lib/python3/dist-packages/franka_aic/msg/_JointTorqueComparison.py
Symlinking /home/neurorobotic_student/panda-robot-control/panda_ws/devel/lib/python3/dist-packages/franka_aic/cfg/desired_mass_paramConfig.py
Symlinking /home/neurorobotic_student/panda-robot-control/panda_ws/devel/lib/python3/dist-packages/franka_aic/cfg/__init__.py
Symlinking /home/neurorobotic_student/panda-robot-control/panda_ws/devel/lib/python3/dist-packages/franka_aic/cfg/compliance_paramConfig.py
Symlinking /home/neurorobotic_student/panda-robot-control/panda_ws/devel/lib/franka_aic/interactive_marker.py
Symlinking /home/neurorobotic_student/panda-robot-control/panda_ws/devel/lib/franka_aic/move_to_start.py
Symlinking /home/neurorobotic_student/panda-robot-control/panda_ws/devel/lib/franka_aic/cmake.lock
Symlinking /home/neurorobotic_student/panda-robot-control/panda_ws/devel/share/gennodejs/ros/franka_aic/_index.js
Symlinking /home/neurorobotic_student/panda-robot-control/panda_ws/devel/share/gennodejs/ros/franka_aic/msg/JointTorqueComparison.js
Symlinking /home/neurorobotic_student/panda-robot-control/panda_ws/devel/share/gennodejs/ros/franka_aic/msg/_index.js
Symlinking /home/neurorobotic_student/panda-robot-control/panda_ws/devel/share/roseus/ros/franka_aic/manifest.l
Symlinking /home/neurorobotic_student/panda-robot-control/panda_ws/devel/share/roseus/ros/franka_aic/msg/JointTorqueComparison.l
Symlinking /home/neurorobotic_student/panda-robot-control/panda_ws/devel/share/common-lisp/ros/franka_aic/msg/_package_JointTorqueComparison.lisp
Symlinking /home/neurorobotic_student/panda-robot-control/panda_ws/devel/share/common-lisp/ros/franka_aic/msg/JointTorqueComparison.lisp
Symlinking /home/neurorobotic_student/panda-robot-control/panda_ws/devel/share/common-lisp/ros/franka_aic/msg/_package.lisp
Symlinking /home/neurorobotic_student/panda-robot-control/panda_ws/devel/share/common-lisp/ros/franka_aic/msg/franka_aic-msg.asd
Symlinking /home/neurorobotic_student/panda-robot-control/panda_ws/devel/share/franka_aic/cmake/franka_aicConfig-version.cmake
Symlinking /home/neurorobotic_student/panda-robot-control/panda_ws/devel/share/franka_aic/cmake/franka_aicConfig.cmake
Symlinking /home/neurorobotic_student/panda-robot-control/panda_ws/devel/share/franka_aic/cmake/franka_aic-msg-extras.cmake
Symlinking /home/neurorobotic_student/panda-robot-control/panda_ws/devel/share/franka_aic/cmake/franka_aic-msg-paths.cmake
Symlinking /home/neurorobotic_student/panda-robot-control/panda_ws/devel/share/franka_aic/docs/compliance_paramConfig-usage.dox
Symlinking /home/neurorobotic_student/panda-robot-control/panda_ws/devel/share/franka_aic/docs/compliance_paramConfig.dox
Symlinking /home/neurorobotic_student/panda-robot-control/panda_ws/devel/share/franka_aic/docs/desired_mass_paramConfig.wikidoc
Symlinking /home/neurorobotic_student/panda-robot-control/panda_ws/devel/share/franka_aic/docs/desired_mass_paramConfig-usage.dox
Symlinking /home/neurorobotic_student/panda-robot-control/panda_ws/devel/share/franka_aic/docs/desired_mass_paramConfig.dox
Symlinking /home/neurorobotic_student/panda-robot-control/panda_ws/devel/share/franka_aic/docs/compliance_paramConfig.wikidoc
Symlinking /home/neurorobotic_student/panda-robot-control/panda_ws/devel/include/franka_aic/compliance_paramConfig.h
Symlinking /home/neurorobotic_student/panda-robot-control/panda_ws/devel/include/franka_aic/JointTorqueComparison.h
Symlinking /home/neurorobotic_student/panda-robot-control/panda_ws/devel/include/franka_aic/desired_mass_paramConfig.h
