[35m[1mScanning dependencies of target _robotiq_2f_gripper_msgs_generate_messages_check_deps_CommandRobotiqGripperResult[0m
[35m[1mScanning dependencies of target _robotiq_2f_gripper_msgs_generate_messages_check_deps_CommandRobotiqGripperActionGoal[0m
[35m[1mScanning dependencies of target _robotiq_2f_gripper_msgs_generate_messages_check_deps_RobotiqGripperStatus[0m
[35m[1mScanning dependencies of target _robotiq_2f_gripper_msgs_generate_messages_check_deps_CommandRobotiqGripperGoal[0m
[  0%] Built target _robotiq_2f_gripper_msgs_generate_messages_check_deps_CommandRobotiqGripperGoal
[  0%] Built target _robotiq_2f_gripper_msgs_generate_messages_check_deps_CommandRobotiqGripperResult
[  0%] Built target _robotiq_2f_gripper_msgs_generate_messages_check_deps_RobotiqGripperStatus
[35m[1mScanning dependencies of target _robotiq_2f_gripper_msgs_generate_messages_check_deps_RobotiqGripperCommand[0m
[  0%] Built target _robotiq_2f_gripper_msgs_generate_messages_check_deps_CommandRobotiqGripperActionGoal
[35m[1mScanning dependencies of target actionlib_msgs_generate_messages_cpp[0m
[35m[1mScanning dependencies of target _robotiq_2f_gripper_msgs_generate_messages_check_deps_CommandRobotiqGripperFeedback[0m
[  0%] Built target actionlib_msgs_generate_messages_cpp
[35m[1mScanning dependencies of target _robotiq_2f_gripper_msgs_generate_messages_check_deps_CommandRobotiqGripperAction[0m
[35m[1mScanning dependencies of target _robotiq_2f_gripper_msgs_generate_messages_check_deps_CommandRobotiqGripperActionFeedback[0m
[  0%] Built target _robotiq_2f_gripper_msgs_generate_messages_check_deps_RobotiqGripperCommand
[  0%] Built target _robotiq_2f_gripper_msgs_generate_messages_check_deps_CommandRobotiqGripperFeedback
[35m[1mScanning dependencies of target _robotiq_2f_gripper_msgs_generate_messages_check_deps_CommandRobotiqGripperActionResult[0m
[  0%] Built target _robotiq_2f_gripper_msgs_generate_messages_check_deps_CommandRobotiqGripperActionFeedback
[35m[1mScanning dependencies of target std_msgs_generate_messages_cpp[0m
[  0%] Built target _robotiq_2f_gripper_msgs_generate_messages_check_deps_CommandRobotiqGripperAction
[35m[1mScanning dependencies of target std_msgs_generate_messages_py[0m
[  0%] Built target std_msgs_generate_messages_cpp
[  0%] Built target std_msgs_generate_messages_py
[35m[1mScanning dependencies of target actionlib_msgs_generate_messages_py[0m
[  0%] Built target _robotiq_2f_gripper_msgs_generate_messages_check_deps_CommandRobotiqGripperActionResult
[  0%] Built target actionlib_msgs_generate_messages_py
[35m[1mScanning dependencies of target actionlib_msgs_generate_messages_nodejs[0m
[35m[1mScanning dependencies of target std_msgs_generate_messages_nodejs[0m
[35m[1mScanning dependencies of target std_msgs_generate_messages_lisp[0m
[35m[1mScanning dependencies of target actionlib_msgs_generate_messages_lisp[0m
[  0%] Built target actionlib_msgs_generate_messages_nodejs
[  0%] Built target std_msgs_generate_messages_nodejs
[  0%] Built target std_msgs_generate_messages_lisp
[  0%] Built target actionlib_msgs_generate_messages_lisp
[35m[1mScanning dependencies of target std_msgs_generate_messages_eus[0m
[35m[1mScanning dependencies of target actionlib_msgs_generate_messages_eus[0m
[  0%] Built target std_msgs_generate_messages_eus
[  0%] Built target actionlib_msgs_generate_messages_eus
[35m[1mScanning dependencies of target robotiq_2f_gripper_msgs_generate_messages_cpp[0m
[  2%] [34m[1mGenerating C++ code from robotiq_2f_gripper_msgs/RobotiqGripperCommand.msg[0m
[  4%] [34m[1mGenerating C++ code from robotiq_2f_gripper_msgs/CommandRobotiqGripperAction.msg[0m
[  6%] [34m[1mGenerating C++ code from robotiq_2f_gripper_msgs/RobotiqGripperStatus.msg[0m
[  8%] [34m[1mGenerating C++ code from robotiq_2f_gripper_msgs/CommandRobotiqGripperActionGoal.msg[0m
[ 10%] [34m[1mGenerating C++ code from robotiq_2f_gripper_msgs/CommandRobotiqGripperActionResult.msg[0m
[ 12%] [34m[1mGenerating C++ code from robotiq_2f_gripper_msgs/CommandRobotiqGripperActionFeedback.msg[0m
[ 14%] [34m[1mGenerating C++ code from robotiq_2f_gripper_msgs/CommandRobotiqGripperGoal.msg[0m
[ 17%] [34m[1mGenerating C++ code from robotiq_2f_gripper_msgs/CommandRobotiqGripperResult.msg[0m
[ 19%] [34m[1mGenerating C++ code from robotiq_2f_gripper_msgs/CommandRobotiqGripperFeedback.msg[0m
[ 19%] Built target robotiq_2f_gripper_msgs_generate_messages_cpp
[35m[1mScanning dependencies of target robotiq_2f_gripper_msgs_generate_messages_py[0m
[ 21%] [34m[1mGenerating Python from MSG robotiq_2f_gripper_msgs/RobotiqGripperCommand[0m
[35m[1mScanning dependencies of target robotiq_2f_gripper_msgs_generate_messages_nodejs[0m
[ 23%] [34m[1mGenerating Javascript code from robotiq_2f_gripper_msgs/RobotiqGripperCommand.msg[0m
[ 25%] [34m[1mGenerating Javascript code from robotiq_2f_gripper_msgs/RobotiqGripperStatus.msg[0m
[ 27%] [34m[1mGenerating Javascript code from robotiq_2f_gripper_msgs/CommandRobotiqGripperAction.msg[0m
[ 29%] [34m[1mGenerating Javascript code from robotiq_2f_gripper_msgs/CommandRobotiqGripperActionGoal.msg[0m
[ 31%] [34m[1mGenerating Javascript code from robotiq_2f_gripper_msgs/CommandRobotiqGripperActionResult.msg[0m
[ 34%] [34m[1mGenerating Javascript code from robotiq_2f_gripper_msgs/CommandRobotiqGripperActionFeedback.msg[0m
[ 36%] [34m[1mGenerating Python from MSG robotiq_2f_gripper_msgs/RobotiqGripperStatus[0m
[ 38%] [34m[1mGenerating Javascript code from robotiq_2f_gripper_msgs/CommandRobotiqGripperGoal.msg[0m
[ 40%] [34m[1mGenerating Javascript code from robotiq_2f_gripper_msgs/CommandRobotiqGripperResult.msg[0m
[ 42%] [34m[1mGenerating Javascript code from robotiq_2f_gripper_msgs/CommandRobotiqGripperFeedback.msg[0m
[ 44%] [34m[1mGenerating Python from MSG robotiq_2f_gripper_msgs/CommandRobotiqGripperAction[0m
[ 46%] [34m[1mGenerating Python from MSG robotiq_2f_gripper_msgs/CommandRobotiqGripperActionGoal[0m
[ 46%] Built target robotiq_2f_gripper_msgs_generate_messages_nodejs
[35m[1mScanning dependencies of target robotiq_2f_gripper_msgs_generate_messages_lisp[0m
[ 48%] [34m[1mGenerating Python from MSG robotiq_2f_gripper_msgs/CommandRobotiqGripperActionResult[0m
[ 51%] [34m[1mGenerating Lisp code from robotiq_2f_gripper_msgs/RobotiqGripperCommand.msg[0m
[ 53%] [34m[1mGenerating Python from MSG robotiq_2f_gripper_msgs/CommandRobotiqGripperActionFeedback[0m
[ 55%] [34m[1mGenerating Lisp code from robotiq_2f_gripper_msgs/RobotiqGripperStatus.msg[0m
[ 57%] [34m[1mGenerating Lisp code from robotiq_2f_gripper_msgs/CommandRobotiqGripperAction.msg[0m
[ 59%] [34m[1mGenerating Python from MSG robotiq_2f_gripper_msgs/CommandRobotiqGripperGoal[0m
[ 61%] [34m[1mGenerating Python from MSG robotiq_2f_gripper_msgs/CommandRobotiqGripperFeedback[0m
[ 63%] [34m[1mGenerating Python from MSG robotiq_2f_gripper_msgs/CommandRobotiqGripperResult[0m
[ 65%] [34m[1mGenerating Lisp code from robotiq_2f_gripper_msgs/CommandRobotiqGripperActionGoal.msg[0m
[ 68%] [34m[1mGenerating Lisp code from robotiq_2f_gripper_msgs/CommandRobotiqGripperActionResult.msg[0m
[ 70%] [34m[1mGenerating Lisp code from robotiq_2f_gripper_msgs/CommandRobotiqGripperActionFeedback.msg[0m
[ 72%] [34m[1mGenerating Lisp code from robotiq_2f_gripper_msgs/CommandRobotiqGripperGoal.msg[0m
[ 74%] [34m[1mGenerating Lisp code from robotiq_2f_gripper_msgs/CommandRobotiqGripperResult.msg[0m
[ 76%] [34m[1mGenerating Lisp code from robotiq_2f_gripper_msgs/CommandRobotiqGripperFeedback.msg[0m
[35m[1mScanning dependencies of target robotiq_2f_gripper_msgs_generate_messages_eus[0m
[ 78%] [34m[1mGenerating EusLisp code from robotiq_2f_gripper_msgs/RobotiqGripperCommand.msg[0m
[ 80%] [34m[1mGenerating EusLisp code from robotiq_2f_gripper_msgs/RobotiqGripperStatus.msg[0m
[ 82%] [34m[1mGenerating Python msg __init__.py for robotiq_2f_gripper_msgs[0m
[ 82%] Built target robotiq_2f_gripper_msgs_generate_messages_lisp
[ 85%] [34m[1mGenerating EusLisp code from robotiq_2f_gripper_msgs/CommandRobotiqGripperAction.msg[0m
[ 87%] [34m[1mGenerating EusLisp code from robotiq_2f_gripper_msgs/CommandRobotiqGripperActionGoal.msg[0m
[ 89%] [34m[1mGenerating EusLisp code from robotiq_2f_gripper_msgs/CommandRobotiqGripperActionResult.msg[0m
[ 91%] [34m[1mGenerating EusLisp code from robotiq_2f_gripper_msgs/CommandRobotiqGripperActionFeedback.msg[0m
[ 93%] [34m[1mGenerating EusLisp code from robotiq_2f_gripper_msgs/CommandRobotiqGripperGoal.msg[0m
[ 93%] Built target robotiq_2f_gripper_msgs_generate_messages_py
[ 95%] [34m[1mGenerating EusLisp code from robotiq_2f_gripper_msgs/CommandRobotiqGripperResult.msg[0m
[ 97%] [34m[1mGenerating EusLisp code from robotiq_2f_gripper_msgs/CommandRobotiqGripperFeedback.msg[0m
[100%] [34m[1mGenerating EusLisp manifest code for robotiq_2f_gripper_msgs[0m
[100%] Built target robotiq_2f_gripper_msgs_generate_messages_eus
[35m[1mScanning dependencies of target robotiq_2f_gripper_msgs_generate_messages[0m
[100%] Built target robotiq_2f_gripper_msgs_generate_messages
