Symlinking /home/neurorobotic_student/panda-robot-control/panda_ws/devel/lib/pkgconfig/robotiq_2f_gripper_msgs.pc
Symlinking /home/neurorobotic_student/panda-robot-control/panda_ws/devel/lib/python3/dist-packages/robotiq_2f_gripper_msgs/__init__.py
Symlinking /home/neurorobotic_student/panda-robot-control/panda_ws/devel/lib/python3/dist-packages/robotiq_2f_gripper_msgs/msg/_RobotiqGripperStatus.py
Symlinking /home/neurorobotic_student/panda-robot-control/panda_ws/devel/lib/python3/dist-packages/robotiq_2f_gripper_msgs/msg/_CommandRobotiqGripperActionGoal.py
Symlinking /home/neurorobotic_student/panda-robot-control/panda_ws/devel/lib/python3/dist-packages/robotiq_2f_gripper_msgs/msg/_CommandRobotiqGripperActionFeedback.py
Symlinking /home/neurorobotic_student/panda-robot-control/panda_ws/devel/lib/python3/dist-packages/robotiq_2f_gripper_msgs/msg/_CommandRobotiqGripperResult.py
Symlinking /home/neurorobotic_student/panda-robot-control/panda_ws/devel/lib/python3/dist-packages/robotiq_2f_gripper_msgs/msg/_RobotiqGripperCommand.py
Symlinking /home/neurorobotic_student/panda-robot-control/panda_ws/devel/lib/python3/dist-packages/robotiq_2f_gripper_msgs/msg/__init__.py
Symlinking /home/neurorobotic_student/panda-robot-control/panda_ws/devel/lib/python3/dist-packages/robotiq_2f_gripper_msgs/msg/_CommandRobotiqGripperGoal.py
Symlinking /home/neurorobotic_student/panda-robot-control/panda_ws/devel/lib/python3/dist-packages/robotiq_2f_gripper_msgs/msg/_CommandRobotiqGripperAction.py
Symlinking /home/neurorobotic_student/panda-robot-control/panda_ws/devel/lib/python3/dist-packages/robotiq_2f_gripper_msgs/msg/_CommandRobotiqGripperFeedback.py
Symlinking /home/neurorobotic_student/panda-robot-control/panda_ws/devel/lib/python3/dist-packages/robotiq_2f_gripper_msgs/msg/_CommandRobotiqGripperActionResult.py
Symlinking /home/neurorobotic_student/panda-robot-control/panda_ws/devel/share/robotiq_2f_gripper_msgs/cmake/robotiq_2f_gripper_msgs-msg-paths.cmake
Symlinking /home/neurorobotic_student/panda-robot-control/panda_ws/devel/share/robotiq_2f_gripper_msgs/cmake/robotiq_2f_gripper_msgs-msg-extras.cmake
Symlinking /home/neurorobotic_student/panda-robot-control/panda_ws/devel/share/robotiq_2f_gripper_msgs/cmake/robotiq_2f_gripper_msgsConfig.cmake
Symlinking /home/neurorobotic_student/panda-robot-control/panda_ws/devel/share/robotiq_2f_gripper_msgs/cmake/robotiq_2f_gripper_msgsConfig-version.cmake
Symlinking /home/neurorobotic_student/panda-robot-control/panda_ws/devel/share/robotiq_2f_gripper_msgs/msg/CommandRobotiqGripperActionGoal.msg
Symlinking /home/neurorobotic_student/panda-robot-control/panda_ws/devel/share/robotiq_2f_gripper_msgs/msg/CommandRobotiqGripperFeedback.msg
Symlinking /home/neurorobotic_student/panda-robot-control/panda_ws/devel/share/robotiq_2f_gripper_msgs/msg/CommandRobotiqGripperResult.msg
Symlinking /home/neurorobotic_student/panda-robot-control/panda_ws/devel/share/robotiq_2f_gripper_msgs/msg/CommandRobotiqGripperActionResult.msg
Symlinking /home/neurorobotic_student/panda-robot-control/panda_ws/devel/share/robotiq_2f_gripper_msgs/msg/CommandRobotiqGripperActionFeedback.msg
Symlinking /home/neurorobotic_student/panda-robot-control/panda_ws/devel/share/robotiq_2f_gripper_msgs/msg/CommandRobotiqGripperAction.msg
Symlinking /home/neurorobotic_student/panda-robot-control/panda_ws/devel/share/robotiq_2f_gripper_msgs/msg/CommandRobotiqGripperGoal.msg
Symlinking /home/neurorobotic_student/panda-robot-control/panda_ws/devel/share/gennodejs/ros/robotiq_2f_gripper_msgs/_index.js
Symlinking /home/neurorobotic_student/panda-robot-control/panda_ws/devel/share/gennodejs/ros/robotiq_2f_gripper_msgs/msg/CommandRobotiqGripperActionGoal.js
Symlinking /home/neurorobotic_student/panda-robot-control/panda_ws/devel/share/gennodejs/ros/robotiq_2f_gripper_msgs/msg/CommandRobotiqGripperAction.js
Symlinking /home/neurorobotic_student/panda-robot-control/panda_ws/devel/share/gennodejs/ros/robotiq_2f_gripper_msgs/msg/RobotiqGripperStatus.js
Symlinking /home/neurorobotic_student/panda-robot-control/panda_ws/devel/share/gennodejs/ros/robotiq_2f_gripper_msgs/msg/CommandRobotiqGripperActionResult.js
Symlinking /home/neurorobotic_student/panda-robot-control/panda_ws/devel/share/gennodejs/ros/robotiq_2f_gripper_msgs/msg/CommandRobotiqGripperGoal.js
Symlinking /home/neurorobotic_student/panda-robot-control/panda_ws/devel/share/gennodejs/ros/robotiq_2f_gripper_msgs/msg/CommandRobotiqGripperFeedback.js
Symlinking /home/neurorobotic_student/panda-robot-control/panda_ws/devel/share/gennodejs/ros/robotiq_2f_gripper_msgs/msg/RobotiqGripperCommand.js
Symlinking /home/neurorobotic_student/panda-robot-control/panda_ws/devel/share/gennodejs/ros/robotiq_2f_gripper_msgs/msg/CommandRobotiqGripperResult.js
Symlinking /home/neurorobotic_student/panda-robot-control/panda_ws/devel/share/gennodejs/ros/robotiq_2f_gripper_msgs/msg/CommandRobotiqGripperActionFeedback.js
Symlinking /home/neurorobotic_student/panda-robot-control/panda_ws/devel/share/gennodejs/ros/robotiq_2f_gripper_msgs/msg/_index.js
Symlinking /home/neurorobotic_student/panda-robot-control/panda_ws/devel/share/roseus/ros/robotiq_2f_gripper_msgs/manifest.l
Symlinking /home/neurorobotic_student/panda-robot-control/panda_ws/devel/share/roseus/ros/robotiq_2f_gripper_msgs/msg/CommandRobotiqGripperResult.l
Symlinking /home/neurorobotic_student/panda-robot-control/panda_ws/devel/share/roseus/ros/robotiq_2f_gripper_msgs/msg/CommandRobotiqGripperGoal.l
Symlinking /home/neurorobotic_student/panda-robot-control/panda_ws/devel/share/roseus/ros/robotiq_2f_gripper_msgs/msg/CommandRobotiqGripperActionResult.l
Symlinking /home/neurorobotic_student/panda-robot-control/panda_ws/devel/share/roseus/ros/robotiq_2f_gripper_msgs/msg/RobotiqGripperStatus.l
Symlinking /home/neurorobotic_student/panda-robot-control/panda_ws/devel/share/roseus/ros/robotiq_2f_gripper_msgs/msg/CommandRobotiqGripperAction.l
Symlinking /home/neurorobotic_student/panda-robot-control/panda_ws/devel/share/roseus/ros/robotiq_2f_gripper_msgs/msg/RobotiqGripperCommand.l
Symlinking /home/neurorobotic_student/panda-robot-control/panda_ws/devel/share/roseus/ros/robotiq_2f_gripper_msgs/msg/CommandRobotiqGripperActionFeedback.l
Symlinking /home/neurorobotic_student/panda-robot-control/panda_ws/devel/share/roseus/ros/robotiq_2f_gripper_msgs/msg/CommandRobotiqGripperActionGoal.l
Symlinking /home/neurorobotic_student/panda-robot-control/panda_ws/devel/share/roseus/ros/robotiq_2f_gripper_msgs/msg/CommandRobotiqGripperFeedback.l
Symlinking /home/neurorobotic_student/panda-robot-control/panda_ws/devel/share/common-lisp/ros/robotiq_2f_gripper_msgs/msg/_package_RobotiqGripperStatus.lisp
Symlinking /home/neurorobotic_student/panda-robot-control/panda_ws/devel/share/common-lisp/ros/robotiq_2f_gripper_msgs/msg/RobotiqGripperCommand.lisp
Symlinking /home/neurorobotic_student/panda-robot-control/panda_ws/devel/share/common-lisp/ros/robotiq_2f_gripper_msgs/msg/_package_CommandRobotiqGripperActionResult.lisp
Symlinking /home/neurorobotic_student/panda-robot-control/panda_ws/devel/share/common-lisp/ros/robotiq_2f_gripper_msgs/msg/_package_CommandRobotiqGripperAction.lisp
Symlinking /home/neurorobotic_student/panda-robot-control/panda_ws/devel/share/common-lisp/ros/robotiq_2f_gripper_msgs/msg/_package_CommandRobotiqGripperFeedback.lisp
Symlinking /home/neurorobotic_student/panda-robot-control/panda_ws/devel/share/common-lisp/ros/robotiq_2f_gripper_msgs/msg/_package_CommandRobotiqGripperGoal.lisp
Symlinking /home/neurorobotic_student/panda-robot-control/panda_ws/devel/share/common-lisp/ros/robotiq_2f_gripper_msgs/msg/robotiq_2f_gripper_msgs-msg.asd
Symlinking /home/neurorobotic_student/panda-robot-control/panda_ws/devel/share/common-lisp/ros/robotiq_2f_gripper_msgs/msg/CommandRobotiqGripperActionFeedback.lisp
Symlinking /home/neurorobotic_student/panda-robot-control/panda_ws/devel/share/common-lisp/ros/robotiq_2f_gripper_msgs/msg/CommandRobotiqGripperFeedback.lisp
Symlinking /home/neurorobotic_student/panda-robot-control/panda_ws/devel/share/common-lisp/ros/robotiq_2f_gripper_msgs/msg/_package_CommandRobotiqGripperActionGoal.lisp
Symlinking /home/neurorobotic_student/panda-robot-control/panda_ws/devel/share/common-lisp/ros/robotiq_2f_gripper_msgs/msg/_package_CommandRobotiqGripperActionFeedback.lisp
Symlinking /home/neurorobotic_student/panda-robot-control/panda_ws/devel/share/common-lisp/ros/robotiq_2f_gripper_msgs/msg/_package_CommandRobotiqGripperResult.lisp
Symlinking /home/neurorobotic_student/panda-robot-control/panda_ws/devel/share/common-lisp/ros/robotiq_2f_gripper_msgs/msg/_package.lisp
Symlinking /home/neurorobotic_student/panda-robot-control/panda_ws/devel/share/common-lisp/ros/robotiq_2f_gripper_msgs/msg/_package_RobotiqGripperCommand.lisp
Symlinking /home/neurorobotic_student/panda-robot-control/panda_ws/devel/share/common-lisp/ros/robotiq_2f_gripper_msgs/msg/CommandRobotiqGripperAction.lisp
Symlinking /home/neurorobotic_student/panda-robot-control/panda_ws/devel/share/common-lisp/ros/robotiq_2f_gripper_msgs/msg/CommandRobotiqGripperGoal.lisp
Symlinking /home/neurorobotic_student/panda-robot-control/panda_ws/devel/share/common-lisp/ros/robotiq_2f_gripper_msgs/msg/CommandRobotiqGripperActionGoal.lisp
Symlinking /home/neurorobotic_student/panda-robot-control/panda_ws/devel/share/common-lisp/ros/robotiq_2f_gripper_msgs/msg/CommandRobotiqGripperActionResult.lisp
Symlinking /home/neurorobotic_student/panda-robot-control/panda_ws/devel/share/common-lisp/ros/robotiq_2f_gripper_msgs/msg/CommandRobotiqGripperResult.lisp
Symlinking /home/neurorobotic_student/panda-robot-control/panda_ws/devel/share/common-lisp/ros/robotiq_2f_gripper_msgs/msg/RobotiqGripperStatus.lisp
Symlinking /home/neurorobotic_student/panda-robot-control/panda_ws/devel/include/robotiq_2f_gripper_msgs/CommandRobotiqGripperGoal.h
Symlinking /home/neurorobotic_student/panda-robot-control/panda_ws/devel/include/robotiq_2f_gripper_msgs/CommandRobotiqGripperActionFeedback.h
Symlinking /home/neurorobotic_student/panda-robot-control/panda_ws/devel/include/robotiq_2f_gripper_msgs/RobotiqGripperStatus.h
Symlinking /home/neurorobotic_student/panda-robot-control/panda_ws/devel/include/robotiq_2f_gripper_msgs/CommandRobotiqGripperActionGoal.h
Symlinking /home/neurorobotic_student/panda-robot-control/panda_ws/devel/include/robotiq_2f_gripper_msgs/CommandRobotiqGripperActionResult.h
Symlinking /home/neurorobotic_student/panda-robot-control/panda_ws/devel/include/robotiq_2f_gripper_msgs/CommandRobotiqGripperResult.h
Symlinking /home/neurorobotic_student/panda-robot-control/panda_ws/devel/include/robotiq_2f_gripper_msgs/RobotiqGripperCommand.h
Symlinking /home/neurorobotic_student/panda-robot-control/panda_ws/devel/include/robotiq_2f_gripper_msgs/CommandRobotiqGripperFeedback.h
Symlinking /home/neurorobotic_student/panda-robot-control/panda_ws/devel/include/robotiq_2f_gripper_msgs/CommandRobotiqGripperAction.h
