Symlinking /home/neurorobotic_student/panda-robot-control/panda_ws/devel/lib/libapriltag_ros_single_image_detector.so
Symlinking /home/neurorobotic_student/panda-robot-control/panda_ws/devel/lib/libapriltag_ros_continuous_detector.so
Symlinking /home/neurorobotic_student/panda-robot-control/panda_ws/devel/lib/libapriltag_ros_common.so
Symlinking /home/neurorobotic_student/panda-robot-control/panda_ws/devel/lib/apriltag_ros/apriltag_ros_single_image_server_node
Symlinking /home/neurorobotic_student/panda-robot-control/panda_ws/devel/lib/apriltag_ros/apriltag_ros_continuous_node
Symlinking /home/neurorobotic_student/panda-robot-control/panda_ws/devel/lib/apriltag_ros/apriltag_ros_single_image_client_node
Symlinking /home/neurorobotic_student/panda-robot-control/panda_ws/devel/lib/pkgconfig/apriltag_ros.pc
Symlinking /home/neurorobotic_student/panda-robot-control/panda_ws/devel/lib/python3/dist-packages/apriltag_ros/__init__.py
Symlinking /home/neurorobotic_student/panda-robot-control/panda_ws/devel/lib/python3/dist-packages/apriltag_ros/srv/__init__.py
Symlinking /home/neurorobotic_student/panda-robot-control/panda_ws/devel/lib/python3/dist-packages/apriltag_ros/srv/_AnalyzeSingleImage.py
Symlinking /home/neurorobotic_student/panda-robot-control/panda_ws/devel/lib/python3/dist-packages/apriltag_ros/msg/__init__.py
Symlinking /home/neurorobotic_student/panda-robot-control/panda_ws/devel/lib/python3/dist-packages/apriltag_ros/msg/_AprilTagDetectionArray.py
Symlinking /home/neurorobotic_student/panda-robot-control/panda_ws/devel/lib/python3/dist-packages/apriltag_ros/msg/_AprilTagDetection.py
Symlinking /home/neurorobotic_student/panda-robot-control/panda_ws/devel/share/apriltag_ros/cmake/apriltag_rosConfig.cmake
Symlinking /home/neurorobotic_student/panda-robot-control/panda_ws/devel/share/apriltag_ros/cmake/apriltag_rosConfig-version.cmake
Symlinking /home/neurorobotic_student/panda-robot-control/panda_ws/devel/share/apriltag_ros/cmake/apriltag_ros-msg-paths.cmake
Symlinking /home/neurorobotic_student/panda-robot-control/panda_ws/devel/share/apriltag_ros/cmake/apriltag_ros-msg-extras.cmake
Symlinking /home/neurorobotic_student/panda-robot-control/panda_ws/devel/share/gennodejs/ros/apriltag_ros/_index.js
Symlinking /home/neurorobotic_student/panda-robot-control/panda_ws/devel/share/gennodejs/ros/apriltag_ros/srv/AnalyzeSingleImage.js
Symlinking /home/neurorobotic_student/panda-robot-control/panda_ws/devel/share/gennodejs/ros/apriltag_ros/srv/_index.js
Symlinking /home/neurorobotic_student/panda-robot-control/panda_ws/devel/share/gennodejs/ros/apriltag_ros/msg/AprilTagDetectionArray.js
Symlinking /home/neurorobotic_student/panda-robot-control/panda_ws/devel/share/gennodejs/ros/apriltag_ros/msg/_index.js
Symlinking /home/neurorobotic_student/panda-robot-control/panda_ws/devel/share/gennodejs/ros/apriltag_ros/msg/AprilTagDetection.js
Symlinking /home/neurorobotic_student/panda-robot-control/panda_ws/devel/share/roseus/ros/apriltag_ros/manifest.l
Symlinking /home/neurorobotic_student/panda-robot-control/panda_ws/devel/share/roseus/ros/apriltag_ros/srv/AnalyzeSingleImage.l
Symlinking /home/neurorobotic_student/panda-robot-control/panda_ws/devel/share/roseus/ros/apriltag_ros/msg/AprilTagDetection.l
Symlinking /home/neurorobotic_student/panda-robot-control/panda_ws/devel/share/roseus/ros/apriltag_ros/msg/AprilTagDetectionArray.l
Symlinking /home/neurorobotic_student/panda-robot-control/panda_ws/devel/share/common-lisp/ros/apriltag_ros/srv/apriltag_ros-srv.asd
Symlinking /home/neurorobotic_student/panda-robot-control/panda_ws/devel/share/common-lisp/ros/apriltag_ros/srv/_package.lisp
Symlinking /home/neurorobotic_student/panda-robot-control/panda_ws/devel/share/common-lisp/ros/apriltag_ros/srv/AnalyzeSingleImage.lisp
Symlinking /home/neurorobotic_student/panda-robot-control/panda_ws/devel/share/common-lisp/ros/apriltag_ros/srv/_package_AnalyzeSingleImage.lisp
Symlinking /home/neurorobotic_student/panda-robot-control/panda_ws/devel/share/common-lisp/ros/apriltag_ros/msg/AprilTagDetection.lisp
Symlinking /home/neurorobotic_student/panda-robot-control/panda_ws/devel/share/common-lisp/ros/apriltag_ros/msg/_package_AprilTagDetection.lisp
Symlinking /home/neurorobotic_student/panda-robot-control/panda_ws/devel/share/common-lisp/ros/apriltag_ros/msg/_package.lisp
Symlinking /home/neurorobotic_student/panda-robot-control/panda_ws/devel/share/common-lisp/ros/apriltag_ros/msg/AprilTagDetectionArray.lisp
Symlinking /home/neurorobotic_student/panda-robot-control/panda_ws/devel/share/common-lisp/ros/apriltag_ros/msg/_package_AprilTagDetectionArray.lisp
Symlinking /home/neurorobotic_student/panda-robot-control/panda_ws/devel/share/common-lisp/ros/apriltag_ros/msg/apriltag_ros-msg.asd
Symlinking /home/neurorobotic_student/panda-robot-control/panda_ws/devel/include/apriltag_ros/AprilTagDetection.h
Symlinking /home/neurorobotic_student/panda-robot-control/panda_ws/devel/include/apriltag_ros/AnalyzeSingleImageResponse.h
Symlinking /home/neurorobotic_student/panda-robot-control/panda_ws/devel/include/apriltag_ros/AprilTagDetectionArray.h
Symlinking /home/neurorobotic_student/panda-robot-control/panda_ws/devel/include/apriltag_ros/AnalyzeSingleImage.h
Symlinking /home/neurorobotic_student/panda-robot-control/panda_ws/devel/include/apriltag_ros/AnalyzeSingleImageRequest.h
